Ind	Poss_Paralogs	Low_Coverage/Errors	Miss_Genotype	Total_Failed	Total_Loci	Prop_Success
SFL-1_SFL-A-017	59	102	0	161	4461	0.963909437345887
SFL-1_SFL-A-018	51	104	2	157	4461	0.964806097287604
SFL-1_SFL-A-019	51	96	5	152	4461	0.96592692221475
SFL-1_SFL-A-020	47	102	3	152	4461	0.96592692221475
SFL-1_SFL-A-021	51	100	15	166	4461	0.96278861241874
SFL-1_SFL-A-022	137	96	810	1043	4461	0.766195920197265
SFL-1_SFL-A-023	53	104	12	169	4461	0.962116117462452
SFL-1_SFL-A-024	51	102	21	174	4461	0.960995292535306
SFL-1_SFL-A-025	56	106	21	183	4461	0.958977807666442
SFL-1_SFL-A-026	44	95	7	146	4461	0.967271912127326
SFL-1_SFL-A-027	51	107	25	183	4461	0.958977807666442
SFL-1_SFL-A-028	62	105	16	183	4461	0.958977807666442
SFL-1_SFL-A-029	49	111	4	164	4461	0.963236942389599
SFL-1_SFL-A-030	57	96	1	154	4461	0.965478592243892
SFL-1_SFL-A-031	55	107	8	170	4461	0.961891952477023
SFL-1_SFL-A-032	48	95	2	145	4461	0.967496077112755
SFL-1_SFL-A-033	49	117	22	188	4461	0.957856982739296
SFL-1_SFL-A-034	55	109	68	232	4461	0.947993723380408
SFL-1_SFL-A-035	78	107	55	240	4461	0.946200403496974
SFL-1_SFL-A-036	47	109	58	214	4461	0.952028693118135
SFL-1_SFL-A-037	99	108	888	1095	4461	0.754539340954943
SFL-1_SFL-A-038	88	60	2172	2320	4461	0.47993723380408
SFL-1_SFL-A-039	49	114	63	226	4461	0.949338713292984
SFL-1_SFL-A-040	60	107	31	198	4461	0.955615332885003
SFL-1_SFL-A-041	66	97	125	288	4461	0.935440484196368
SFL-1_SFL-A-042	76	107	24	207	4461	0.95359784801614
SFL-1_SFL-A-043	69	109	31	209	4461	0.953149518045281
SFL-1_SFL-A-044	67	111	16	194	4461	0.956511992826721
SFL-1_SFL-A-045	61	106	61	228	4461	0.948890383322125
SFL-1_SFL-A-046	142	73	1796	2011	4461	0.549204214301726
SFL-1_SFL-A-047	56	110	53	219	4461	0.950907868190989
SFL-1_SFL-A-048	57	101	31	189	4461	0.957632817753867
SFL-1_SFL-A-049	45	101	8	154	4461	0.965478592243892
SFL-1_SFL-A-050	50	101	19	170	4461	0.961891952477023
SFL-1_SFL-A-051	52	103	4	159	4461	0.964357767316745
SFL-1_SFL-A-053	50	109	8	167	4461	0.962564447433311
SFL-1_SFL-A-054	57	101	1	159	4461	0.964357767316745
SFL-1_SFL-A-055	44	100	3	147	4461	0.967047747141896
SFL-1_SFL-A-056	50	105	4	159	4461	0.964357767316745
SFL-1_SFL-A-057	52	104	122	278	4461	0.937682134050661
SFL-1_SFL-A-058	52	93	11	156	4461	0.965030262273033
SFL-1_SFL-A-059	56	108	5	169	4461	0.962116117462452
SFL-1_SFL-A-060	62	93	8	163	4461	0.963461107375028
SFL-1_SFL-A-061	65	103	2	170	4461	0.961891952477023
SFL-1_SFL-A-062	55	109	1	165	4461	0.963012777404169
SFL-1_SFL-A-064	50	107	4	161	4461	0.963909437345887
SFL-1_SFL-A-065	44	98	9	151	4461	0.966151087200179
SFL-1_SFL-A-082	44	101	4	149	4461	0.966599417171038
SFL-1_SFL-A-083	38	95	7	140	4461	0.968616902039901
SFL-1_SFL-A-084	36	104	12	152	4461	0.96592692221475
SFL-1_SFL-A-085	39	112	28	179	4461	0.95987446760816
SFL-1_SFL-A-086	98	77	1686	1861	4461	0.582828962116117
SFL-1_SFL-A-087	61	103	588	752	4461	0.831427930957184
SFL-1_SFL-A-088	71	96	999	1166	4461	0.738623626989464
SFL-1_SFL-A-089	50	106	13	169	4461	0.962116117462452
SFL-1_SFL-A-090	49	111	21	181	4461	0.959426137637301
SFL-1_SFL-A-091	47	101	6	154	4461	0.965478592243892
SFL-1_SFL-A-092	46	97	804	947	4461	0.787715758798476
SFL-1_SFL-A-093	40	114	36	190	4461	0.957408652768438
SFL-1_SFL-A-094	44	109	156	309	4461	0.930733019502354
SFL-1_SFL-A-095	35	110	436	581	4461	0.869760143465591
SFL-1_SFL-A-098	42	106	13	161	4461	0.963909437345887
SFL-1_SFL-A-099	45	107	6	158	4461	0.964581932302174
SFL-1_SFL-A-100	45	106	4	155	4461	0.965254427258462
SFL-1_SFL-A-101	45	104	7	156	4461	0.965030262273033
SFL-1_SFL-A-102	47	94	6	147	4461	0.967047747141896
SFL-1_SFL-A-103	38	116	145	299	4461	0.932974669356647
SFL-1_SFL-A-104	45	105	3	153	4461	0.965702757229321
SFL-1_SFL-A-105	37	95	5	137	4461	0.969289396996189
SFL-1_SFL-A-106	50	97	3	150	4461	0.966375252185609
SFL-1_SFL-A-107	42	112	40	194	4461	0.956511992826721
SFL-1_SFL-A-108	37	89	6	132	4461	0.970410221923336
SFL-1_SFL-A-110	49	107	9	165	4461	0.963012777404169
SFL-1_SFL-A-111	46	102	6	154	4461	0.965478592243892
SFL-1_SFL-A-112	48	113	101	262	4461	0.94126877381753
SFL-1_SFL-A-113	35	102	41	178	4461	0.960098632593589
SFL-1_SFL-A-114	36	110	4	150	4461	0.966375252185609
SFL-1_SFL-A-115	34	76	1306	1416	4461	0.682582380632145
SFL-1_SFL-A-116	36	103	530	669	4461	0.850033624747814
SFL-1_SFL-A-117	30	114	213	357	4461	0.919973100201748
SFL-1_SFL-A-118	49	103	37	189	4461	0.957632817753867
SFL-1_SFL-A-120	45	98	2	145	4461	0.967496077112755
SFL-1_SFL-A-121	40	101	12	153	4461	0.965702757229321
SFL-1_SFL-A-122	42	115	39	196	4461	0.956063662855862
SFL-1_SFL-A-123	45	112	70	227	4461	0.949114548307554
SFL-1_SFL-A-124	50	117	60	227	4461	0.949114548307554
SFL-1_SFL-A-125	42	82	1192	1316	4461	0.704998879175073
SFL-1_SFL-A-126	48	115	14	177	4461	0.960322797579018
SFL-1_SFL-A-127	43	103	163	309	4461	0.930733019502354
SFL-1_SFL-A-128	46	102	85	233	4461	0.947769558394979
SFL-1_SFL-A-129	277	77	1339	1693	4461	0.620488679668236
SFL-1_SFL-A-130	31	109	157	297	4461	0.933422999327505
SFL-1_SFL-A-131	37	104	4	145	4461	0.967496077112755
SFL-1_SFL-A-132	44	103	3	150	4461	0.966375252185609
SFL-1_SFL-A-133	44	107	24	175	4461	0.960771127549877
SFL-1_SFL-A-134	53	108	1	162	4461	0.963685272360457
SFL-1_SFL-A-135	54	113	3	170	4461	0.961891952477023
SFL-1_SFL-A-136	47	110	274	431	4461	0.903384891279982
SFL-1_SFL-A-137	50	114	24	188	4461	0.957856982739296
SFL-1_SFL-A-138	55	110	11	176	4461	0.960546962564447
SFL-1_SFL-A-139	36	104	2	142	4461	0.968168572069043
SFL-1_SFL-A-140	70	99	113	282	4461	0.936785474108944
SFL-1_SFL-A-141	39	106	4	149	4461	0.966599417171038
SFL-1_SFL-A-142	43	99	1	143	4461	0.967944407083614
SFL-1_SFL-A-143	49	100	40	189	4461	0.957632817753867
SFL-1_SFL-A-144	44	98	2	144	4461	0.967720242098184
SFL-1_SFL-A-145	42	96	8	146	4461	0.967271912127326
SFL-1_SFL-A-146	41	104	5	150	4461	0.966375252185609
SFL-1_SFL-A-147	46	97	7	150	4461	0.966375252185609
SFL-1_SFL-A-148	46	101	1	148	4461	0.966823582156467
SFL-1_SFL-A-149	60	105	1	166	4461	0.96278861241874
SFL-1_SFL-A-150	45	110	1	156	4461	0.965030262273033
SFL-1_SFL-A-152	87	112	2	201	4461	0.954942837928715
SFL-1_SFL-A-153	44	102	66	212	4461	0.952477023088994
SFL-1_SFL-A-154	53	76	1477	1606	4461	0.639991033400583
SFL-1_SFL-A-155	41	103	14	158	4461	0.964581932302174
SFL-1_SFL-A-156	44	107	91	242	4461	0.945752073526115
SFL-1_SFL-A-157	46	114	11	171	4461	0.961667787491594
SFL-1_SFL-A-158	45	112	22	179	4461	0.95987446760816
SFL-1_SFL-A-159	61	101	4	166	4461	0.96278861241874
SFL-1_SFL-A-160	54	114	130	298	4461	0.933198834342076
SFL-1_SFL-A-161	47	109	35	191	4461	0.957184487783008
SFL-1_SFL-A-162	51	99	0	150	4461	0.966375252185609
SFL-1_SFL-A-163	45	105	26	176	4461	0.960546962564447
SFL-1_SFL-A-164	35	106	50	191	4461	0.957184487783008
SFL-1_SFL-A-165	42	97	4	143	4461	0.967944407083614
SFL-1_SFL-A-166	44	103	15	162	4461	0.963685272360457
SFL-1_SFL-A-167	49	98	0	147	4461	0.967047747141896
SFL-1_SFL-A-168	40	108	28	176	4461	0.960546962564447
SFL-1_SFL-A-169	36	103	0	139	4461	0.968841067025331
SFL-1_SFL-A-170	38	109	7	154	4461	0.965478592243892
SFL-1_SFL-A-171	41	96	3	140	4461	0.968616902039901
SFL-1_SFL-A-172	42	105	2	149	4461	0.966599417171038
SFL-1_SFL-A-173	56	117	43	216	4461	0.951580363147276
SFL-1_SFL-A-176	41	105	3	149	4461	0.966599417171038
SFL-1_SFL-A-177	45	102	0	147	4461	0.967047747141896
SFL-1_SFL-A-178	44	100	543	687	4461	0.845998655010087
SFL-1_SFL-A-179	39	96	3	138	4461	0.96906523201076
SFL-1_SFL-A-180	50	98	1	149	4461	0.966599417171038
SFL-1_SFL-A-181	40	93	1	134	4461	0.969961891952477
SFL-1_SFL-A-182	43	90	1	134	4461	0.969961891952477
SFL-1_SFL-A-183	46	113	3	162	4461	0.963685272360457
SFL-1_SFL-A-184	48	107	6	161	4461	0.963909437345887
SFL-1_SFL-A-185	35	104	7	146	4461	0.967271912127326
SFL-1_SFL-A-187	39	111	83	233	4461	0.947769558394979
SFL-1_SFL-A-188	133	97	933	1163	4461	0.739296121945752
SFL-1_SFL-A-189	51	110	8	169	4461	0.962116117462452
SFL-1_SFL-A-190	34	98	10	142	4461	0.968168572069043
SFL-1_SFL-A-191	34	104	8	146	4461	0.967271912127326
SFL-1_SFL-A-192	40	114	9	163	4461	0.963461107375028
SFL-1_SFL-A-193	41	102	2	145	4461	0.967496077112755
SFL-1_SFL-A-194	33	114	69	216	4461	0.951580363147276
SFL-1_SFL-A-196	40	105	42	187	4461	0.958081147724725
SFL-1_SFL-A-197	43	105	18	166	4461	0.96278861241874
SFL-1_SFL-A-199	39	103	76	218	4461	0.951132033176418
SFL-1_SFL-A-200	53	103	524	680	4461	0.847567809908092
SFL-1_SFL-A-201	45	104	26	175	4461	0.960771127549877
SFL-1_SFL-A-202	34	103	239	376	4461	0.915713965478592
SFL-1_SFL-A-203	47	113	18	178	4461	0.960098632593589
SFL-1_SFL-A-204	53	111	27	191	4461	0.957184487783008
SFL-1_SFL-A-205	128	93	688	909	4461	0.796234028244788
SFL-1_SFL-A-206	39	100	11	150	4461	0.966375252185609
SFL-1_SFL-A-207	38	99	38	175	4461	0.960771127549877
SFL-1_SFL-A-208	47	103	2	152	4461	0.96592692221475
SFL-1_SFL-A-209	53	95	8	156	4461	0.965030262273033
SFL-1_SFL-A-210	53	100	8	161	4461	0.963909437345887
SFL-1_SFL-A-211	40	84	912	1036	4461	0.76776507509527
SFL-1_SFL-A-212	65	110	112	287	4461	0.935664649181798
SFL-1_SFL-A-213	39	93	6	138	4461	0.96906523201076
SFL-1_SFL-A-214	45	106	4	155	4461	0.965254427258462
SFL-1_SFL-A-215	42	106	17	165	4461	0.963012777404169
SFL-1_SFL-A-216	40	101	9	150	4461	0.966375252185609
SFL-1_SFL-A-217	43	110	5	158	4461	0.964581932302174
SFL-1_SFL-A-218	37	108	77	222	4461	0.950235373234701
SFL-1_SFL-A-219	45	104	14	163	4461	0.963461107375028
SFL-1_SFL-A-221	49	111	14	174	4461	0.960995292535306
SFL-1_SFL-A-222	48	97	5	150	4461	0.966375252185609
SFL-1_SFL-A-66	48	95	4	147	4461	0.967047747141896
SFL-1_SFL-A-67	62	91	1	154	4461	0.965478592243892
SFL-1_SFL-A-68	51	111	15	177	4461	0.960322797579018
SFL-1_SFL-A-96	39	99	67	205	4461	0.954046177986998
SFL-1_SFL-A-F1	39	103	154	296	4461	0.933647164312934
SFL-1_SFL-A-M1	45	92	79	216	4461	0.951580363147276
